buddy_dating/build/app/intermediates/manifest_merge_blame_file/release/manifest-merger-blame-release-report.txt
1<?xml version="1.0" encoding="utf-8"?>
2<manifest xmlns:android="http://schemas.android.com/apk/res/android"
3    package="com.example.buddy_dating"
4    android:versionCode="1"
5    android:versionName="1.0.0" >
6
7    <uses-sdk
8        android:minSdkVersion="23"
8-->src\main\AndroidManifest.xml
9        android:targetSdkVersion="34" />
9-->src\main\AndroidManifest.xml
10
11    <uses-permission android:name="android.permission.ACCESS_FINE_LOCATION" />
11-->src\main\AndroidManifest.xml:2:5-79
11-->src\main\AndroidManifest.xml:2:22-76
12    <uses-permission android:name="android.permission.ACCESS_COARSE_LOCATION" />
12-->src\main\AndroidManifest.xml:3:5-81
12-->src\main\AndroidManifest.xml:3:22-78
13    <uses-permission android:name="android.permission.ACCESS_BACKGROUND_LOCATION" />
13-->src\main\AndroidManifest.xml:4:5-85
13-->src\main\AndroidManifest.xml:4:22-82
14    <!--
15         Required to query activities that can process text, see:
16         https://developer.android.com/training/package-visibility and
17         https://developer.android.com/reference/android/content/Intent#ACTION_PROCESS_TEXT.
18
19         In particular, this is used by the Flutter engine in io.flutter.plugin.text.ProcessTextPlugin.
20    -->
21    <queries>
21-->src\main\AndroidManifest.xml:42:5-47:15
22        <intent>
22-->src\main\AndroidManifest.xml:43:9-46:18
23            <action android:name="android.intent.action.PROCESS_TEXT" />
23-->src\main\AndroidManifest.xml:44:13-72
23-->src\main\AndroidManifest.xml:44:21-70
24
25            <data android:mimeType="text/plain" />
25-->src\main\AndroidManifest.xml:45:13-50
25-->src\main\AndroidManifest.xml:45:19-48
26        </intent>
27    </queries>
28
29    <uses-permission android:name="android.permission.POST_NOTIFICATIONS" />
29-->[:awesome_notifications] AndroidManifest.xml:9:5-77
29-->[:awesome_notifications] AndroidManifest.xml:9:22-74
30    <uses-permission android:name="android.permission.BROADCAST_CLOSE_SYSTEM_DIALOGS" />
30-->[:awesome_notifications] AndroidManifest.xml:10:5-89
30-->[:awesome_notifications] AndroidManifest.xml:10:22-86
31    <uses-permission android:name="android.permission.RECEIVE_BOOT_COMPLETED" />
31-->[:awesome_notifications] AndroidManifest.xml:11:5-81
31-->[:awesome_notifications] AndroidManifest.xml:11:22-78
32    <uses-permission android:name="android.permission.VIBRATE" />
32-->[:awesome_notifications] AndroidManifest.xml:12:5-66
32-->[:awesome_notifications] AndroidManifest.xml:12:22-63
33    <uses-permission android:name="android.permission.INTERNET" />
33-->[:firebase_messaging] AndroidManifest.xml:9:5-67
33-->[:firebase_messaging] AndroidManifest.xml:9:22-64
34    <uses-permission android:name="android.permission.WAKE_LOCK" />
34-->[:firebase_messaging] AndroidManifest.xml:10:5-68
34-->[:firebase_messaging] AndroidManifest.xml:10:22-65
35    <uses-permission android:name="android.permission.ACCESS_NETWORK_STATE" />
35-->[:firebase_messaging] AndroidManifest.xml:11:5-79
35-->[:firebase_messaging] AndroidManifest.xml:11:22-76
36    <uses-permission
36-->[me.carda:AndroidAwnCore:0.9.3] AndroidManifest.xml:10:5-12:38
37        android:name="android.permission.BIND_NOTIFICATION_LISTENER_SERVICE"
37-->[me.carda:AndroidAwnCore:0.9.3] AndroidManifest.xml:11:9-77
38        android:maxSdkVersion="22" /> <!-- Required by older versions of Google Play services to create IID tokens -->
38-->[me.carda:AndroidAwnCore:0.9.3] AndroidManifest.xml:12:9-35
39    <uses-permission android:name="com.google.android.c2dm.permission.RECEIVE" />
39-->[com.google.firebase:firebase-messaging:24.0.0] AndroidManifest.xml:26:5-82
39-->[com.google.firebase:firebase-messaging:24.0.0] AndroidManifest.xml:26:22-79
40    <uses-permission android:name="com.google.android.providers.gsf.permission.READ_GSERVICES" />
40-->[com.google.android.recaptcha:recaptcha:18.4.0] AndroidManifest.xml:9:5-98
40-->[com.google.android.recaptcha:recaptcha:18.4.0] AndroidManifest.xml:9:22-95
41
42    <permission
42-->[androidx.core:core:1.13.1] AndroidManifest.xml:22:5-24:47
43        android:name="com.example.buddy_dating.DYNAMIC_RECEIVER_NOT_EXPORTED_PERMISSION"
43-->[androidx.core:core:1.13.1] AndroidManifest.xml:23:9-81
44        android:protectionLevel="signature" />
44-->[androidx.core:core:1.13.1] AndroidManifest.xml:24:9-44
45
46    <uses-permission android:name="com.example.buddy_dating.DYNAMIC_RECEIVER_NOT_EXPORTED_PERMISSION" /> <!-- for android -->
46-->[androidx.core:core:1.13.1] AndroidManifest.xml:26:5-97
46-->[androidx.core:core:1.13.1] AndroidManifest.xml:26:22-94
47    <!-- <uses-permission android:name="com.android.launcher.permission.READ_SETTINGS"/> -->
48    <!-- <uses-permission android:name="com.android.launcher.permission.WRITE_SETTINGS"/> -->
49    <!-- <uses-permission android:name="com.android.launcher.permission.INSTALL_SHORTCUT" /> -->
50    <!-- <uses-permission android:name="com.android.launcher.permission.UNINSTALL_SHORTCUT" /> -->
51    <!-- for Samsung -->
52    <uses-permission android:name="com.sec.android.provider.badge.permission.READ" />
52-->[me.leolin:ShortcutBadger:1.1.22] AndroidManifest.xml:19:5-86
52-->[me.leolin:ShortcutBadger:1.1.22] AndroidManifest.xml:19:22-83
53    <uses-permission android:name="com.sec.android.provider.badge.permission.WRITE" /> <!-- for htc -->
53-->[me.leolin:ShortcutBadger:1.1.22] AndroidManifest.xml:20:5-87
53-->[me.leolin:ShortcutBadger:1.1.22] AndroidManifest.xml:20:22-84
54    <uses-permission android:name="com.htc.launcher.permission.READ_SETTINGS" />
54-->[me.leolin:ShortcutBadger:1.1.22] AndroidManifest.xml:23:5-81
54-->[me.leolin:ShortcutBadger:1.1.22] AndroidManifest.xml:23:22-78
55    <uses-permission android:name="com.htc.launcher.permission.UPDATE_SHORTCUT" /> <!-- for sony -->
55-->[me.leolin:ShortcutBadger:1.1.22] AndroidManifest.xml:24:5-83
55-->[me.leolin:ShortcutBadger:1.1.22] AndroidManifest.xml:24:22-80
56    <uses-permission android:name="com.sonyericsson.home.permission.BROADCAST_BADGE" />
56-->[me.leolin:ShortcutBadger:1.1.22] AndroidManifest.xml:27:5-88
56-->[me.leolin:ShortcutBadger:1.1.22] AndroidManifest.xml:27:22-85
57    <uses-permission android:name="com.sonymobile.home.permission.PROVIDER_INSERT_BADGE" /> <!-- for apex -->
57-->[me.leolin:ShortcutBadger:1.1.22] AndroidManifest.xml:28:5-92
57-->[me.leolin:ShortcutBadger:1.1.22] AndroidManifest.xml:28:22-89
58    <uses-permission android:name="com.anddoes.launcher.permission.UPDATE_COUNT" /> <!-- for solid -->
58-->[me.leolin:ShortcutBadger:1.1.22] AndroidManifest.xml:31:5-84
58-->[me.leolin:ShortcutBadger:1.1.22] AndroidManifest.xml:31:22-81
59    <uses-permission android:name="com.majeur.launcher.permission.UPDATE_BADGE" /> <!-- for huawei -->
59-->[me.leolin:ShortcutBadger:1.1.22] AndroidManifest.xml:34:5-83
59-->[me.leolin:ShortcutBadger:1.1.22] AndroidManifest.xml:34:22-80
60    <uses-permission android:name="com.huawei.android.launcher.permission.CHANGE_BADGE" />
60-->[me.leolin:ShortcutBadger:1.1.22] AndroidManifest.xml:37:5-91
60-->[me.leolin:ShortcutBadger:1.1.22] AndroidManifest.xml:37:22-88
61    <uses-permission android:name="com.huawei.android.launcher.permission.READ_SETTINGS" />
61-->[me.leolin:ShortcutBadger:1.1.22] AndroidManifest.xml:38:5-92
61-->[me.leolin:ShortcutBadger:1.1.22] AndroidManifest.xml:38:22-89
62    <uses-permission android:name="com.huawei.android.launcher.permission.WRITE_SETTINGS" /> <!-- for ZUK -->
62-->[me.leolin:ShortcutBadger:1.1.22] AndroidManifest.xml:39:5-93
62-->[me.leolin:ShortcutBadger:1.1.22] AndroidManifest.xml:39:22-90
63    <uses-permission android:name="android.permission.READ_APP_BADGE" /> <!-- for OPPO -->
63-->[me.leolin:ShortcutBadger:1.1.22] AndroidManifest.xml:42:5-73
63-->[me.leolin:ShortcutBadger:1.1.22] AndroidManifest.xml:42:22-70
64    <uses-permission android:name="com.oppo.launcher.permission.READ_SETTINGS" />
64-->[me.leolin:ShortcutBadger:1.1.22] AndroidManifest.xml:45:5-82
64-->[me.leolin:ShortcutBadger:1.1.22] AndroidManifest.xml:45:22-79
65    <uses-permission android:name="com.oppo.launcher.permission.WRITE_SETTINGS" /> <!-- for EvMe -->
65-->[me.leolin:ShortcutBadger:1.1.22] AndroidManifest.xml:46:5-83
65-->[me.leolin:ShortcutBadger:1.1.22] AndroidManifest.xml:46:22-80
66    <uses-permission android:name="me.everything.badger.permission.BADGE_COUNT_READ" />
66-->[me.leolin:ShortcutBadger:1.1.22] AndroidManifest.xml:49:5-88
66-->[me.leolin:ShortcutBadger:1.1.22] AndroidManifest.xml:49:22-85
67    <uses-permission android:name="me.everything.badger.permission.BADGE_COUNT_WRITE" />
67-->[me.leolin:ShortcutBadger:1.1.22] AndroidManifest.xml:50:5-89
67-->[me.leolin:ShortcutBadger:1.1.22] AndroidManifest.xml:50:22-86
68
69    <application
70        android:name="android.app.Application"
70-->src\main\AndroidManifest.xml:7:9-42
71        android:appComponentFactory="androidx.core.app.CoreComponentFactory"
71-->[androidx.core:core:1.13.1] AndroidManifest.xml:28:18-86
72        android:extractNativeLibs="false"
73        android:icon="@mipmap/ic_launcher"
73-->src\main\AndroidManifest.xml:8:9-43
74        android:label="buddy_dating" >
74-->src\main\AndroidManifest.xml:6:9-37
75        <activity
75-->src\main\AndroidManifest.xml:9:9-30:20
76            android:name="com.example.buddy_dating.MainActivity"
76-->src\main\AndroidManifest.xml:10:13-41
77            android:configChanges="orientation|keyboardHidden|keyboard|screenSize|smallestScreenSize|locale|layoutDirection|fontScale|screenLayout|density|uiMode"
77-->src\main\AndroidManifest.xml:15:13-163
78            android:exported="true"
78-->src\main\AndroidManifest.xml:11:13-36
79            android:hardwareAccelerated="true"
79-->src\main\AndroidManifest.xml:16:13-47
80            android:launchMode="singleTop"
80-->src\main\AndroidManifest.xml:12:13-43
81            android:taskAffinity=""
81-->src\main\AndroidManifest.xml:13:13-36
82            android:theme="@style/LaunchTheme"
82-->src\main\AndroidManifest.xml:14:13-47
83            android:windowSoftInputMode="adjustResize" >
83-->src\main\AndroidManifest.xml:17:13-55
84
85            <!--
86                 Specifies an Android theme to apply to this Activity as soon as
87                 the Android process has started. This theme is visible to the user
88                 while the Flutter UI initializes. After that, this theme continues
89                 to determine the Window background behind the Flutter UI.
90            -->
91            <meta-data
91-->src\main\AndroidManifest.xml:22:13-25:17
92                android:name="io.flutter.embedding.android.NormalTheme"
92-->src\main\AndroidManifest.xml:23:15-70
93                android:resource="@style/NormalTheme" />
93-->src\main\AndroidManifest.xml:24:15-52
94
95            <intent-filter>
95-->src\main\AndroidManifest.xml:26:13-29:29
96                <action android:name="android.intent.action.MAIN" />
96-->src\main\AndroidManifest.xml:27:17-68
96-->src\main\AndroidManifest.xml:27:25-66
97
98                <category android:name="android.intent.category.LAUNCHER" />
98-->src\main\AndroidManifest.xml:28:17-76
98-->src\main\AndroidManifest.xml:28:27-74
99            </intent-filter>
100        </activity>
101        <!--
102             Don't delete the meta-data below.
103             This is used by the Flutter tool to generate GeneratedPluginRegistrant.java
104        -->
105        <meta-data
105-->src\main\AndroidManifest.xml:33:9-35:33
106            android:name="flutterEmbedding"
106-->src\main\AndroidManifest.xml:34:13-44
107            android:value="2" />
107-->src\main\AndroidManifest.xml:35:13-30
108
109        <receiver
109-->[:awesome_notifications] AndroidManifest.xml:15:9-17:39
110            android:name="me.carda.awesome_notifications.DartNotificationActionReceiver"
110-->[:awesome_notifications] AndroidManifest.xml:16:13-89
111            android:exported="true" />
111-->[:awesome_notifications] AndroidManifest.xml:17:13-36
112        <receiver
112-->[:awesome_notifications] AndroidManifest.xml:18:9-20:39
113            android:name="me.carda.awesome_notifications.DartDismissedNotificationReceiver"
113-->[:awesome_notifications] AndroidManifest.xml:19:13-92
114            android:exported="true" />
114-->[:awesome_notifications] AndroidManifest.xml:20:13-36
115        <receiver
115-->[:awesome_notifications] AndroidManifest.xml:21:9-23:39
116            android:name="me.carda.awesome_notifications.DartScheduledNotificationReceiver"
116-->[:awesome_notifications] AndroidManifest.xml:22:13-92
117            android:exported="true" />
117-->[:awesome_notifications] AndroidManifest.xml:23:13-36
118        <receiver
118-->[:awesome_notifications] AndroidManifest.xml:24:9-38:20
119            android:name="me.carda.awesome_notifications.DartRefreshSchedulesReceiver"
119-->[:awesome_notifications] AndroidManifest.xml:25:13-87
120            android:enabled="true"
120-->[:awesome_notifications] AndroidManifest.xml:26:13-35
121            android:exported="true" >
121-->[:awesome_notifications] AndroidManifest.xml:27:13-36
122            <intent-filter>
122-->[:awesome_notifications] AndroidManifest.xml:28:13-37:29
123                <category android:name="android.intent.category.DEFAULT" />
123-->[:awesome_notifications] AndroidManifest.xml:29:17-76
123-->[:awesome_notifications] AndroidManifest.xml:29:27-73
124
125                <action android:name="android.intent.action.BOOT_COMPLETED" />
125-->[:awesome_notifications] AndroidManifest.xml:31:17-79
125-->[:awesome_notifications] AndroidManifest.xml:31:25-76
126                <action android:name="android.intent.action.LOCKED_BOOT_COMPLETED" />
126-->[:awesome_notifications] AndroidManifest.xml:32:17-86
126-->[:awesome_notifications] AndroidManifest.xml:32:25-83
127                <action android:name="android.intent.action.MY_PACKAGE_REPLACED" />
127-->[:awesome_notifications] AndroidManifest.xml:33:17-84
127-->[:awesome_notifications] AndroidManifest.xml:33:25-81
128                <action android:name="android.intent.action.QUICKBOOT_POWERON" />
128-->[:awesome_notifications] AndroidManifest.xml:34:17-82
128-->[:awesome_notifications] AndroidManifest.xml:34:25-79
129                <action android:name="com.htc.intent.action.QUICKBOOT_POWERON" />
129-->[:awesome_notifications] AndroidManifest.xml:35:17-82
129-->[:awesome_notifications] AndroidManifest.xml:35:25-79
130                <action android:name="android.app.action.SCHEDULE_EXACT_ALARM_PERMISSION_STATE_CHANGED" />
130-->[:awesome_notifications] AndroidManifest.xml:36:17-107
130-->[:awesome_notifications] AndroidManifest.xml:36:25-104
131            </intent-filter>
132        </receiver>
133
134        <service
134-->[:awesome_notifications] AndroidManifest.xml:40:9-43:72
135            android:name="me.carda.awesome_notifications.DartBackgroundService"
135-->[:awesome_notifications] AndroidManifest.xml:41:13-80
136            android:exported="false"
136-->[:awesome_notifications] AndroidManifest.xml:42:13-37
137            android:permission="android.permission.BIND_JOB_SERVICE" />
137-->[:awesome_notifications] AndroidManifest.xml:43:13-69
138        <service
138-->[:awesome_notifications] AndroidManifest.xml:44:9-49:43
139            android:name="me.carda.awesome_notifications.core.services.ForegroundService"
139-->[:awesome_notifications] AndroidManifest.xml:45:13-90
140            android:enabled="true"
140-->[:awesome_notifications] AndroidManifest.xml:46:13-35
141            android:exported="false"
141-->[:awesome_notifications] AndroidManifest.xml:47:13-37
142            android:foregroundServiceType="phoneCall"
142-->[:awesome_notifications] AndroidManifest.xml:48:13-54
143            android:stopWithTask="true" />
143-->[:awesome_notifications] AndroidManifest.xml:49:13-40
144        <service
144-->[:cloud_firestore] AndroidManifest.xml:10:9-14:19
145            android:name="com.google.firebase.components.ComponentDiscoveryService"
145-->[:cloud_firestore] AndroidManifest.xml:10:18-89
146            android:directBootAware="true"
146-->[com.google.firebase:firebase-common:21.0.0] AndroidManifest.xml:32:13-43
147            android:exported="false" >
147-->[com.google.firebase:firebase-auth:23.0.0] AndroidManifest.xml:68:13-37
148            <meta-data
148-->[:cloud_firestore] AndroidManifest.xml:11:13-13:85
149                android:name="com.google.firebase.components:io.flutter.plugins.firebase.firestore.FlutterFirebaseFirestoreRegistrar"
149-->[:cloud_firestore] AndroidManifest.xml:12:17-134
150                android:value="com.google.firebase.components.ComponentRegistrar" />
150-->[:cloud_firestore] AndroidManifest.xml:13:17-82
151            <meta-data
151-->[:firebase_auth] AndroidManifest.xml:11:13-13:85
152                android:name="com.google.firebase.components:io.flutter.plugins.firebase.auth.FlutterFirebaseAuthRegistrar"
152-->[:firebase_auth] AndroidManifest.xml:12:17-124
153                android:value="com.google.firebase.components.ComponentRegistrar" />
153-->[:firebase_auth] AndroidManifest.xml:13:17-82
154            <meta-data
154-->[:firebase_database] AndroidManifest.xml:11:13-13:85
155                android:name="com.google.firebase.components:io.flutter.plugins.firebase.database.FlutterFirebaseAppRegistrar"
155-->[:firebase_database] AndroidManifest.xml:12:17-127
156                android:value="com.google.firebase.components.ComponentRegistrar" />
156-->[:firebase_database] AndroidManifest.xml:13:17-82
157            <meta-data
157-->[:firebase_messaging] AndroidManifest.xml:38:13-40:85
158                android:name="com.google.firebase.components:io.flutter.plugins.firebase.messaging.FlutterFirebaseAppRegistrar"
158-->[:firebase_messaging] AndroidManifest.xml:39:17-128
159                android:value="com.google.firebase.components.ComponentRegistrar" />
159-->[:firebase_messaging] AndroidManifest.xml:40:17-82
160            <meta-data
160-->[:firebase_storage] AndroidManifest.xml:11:13-13:85
161                android:name="com.google.firebase.components:io.flutter.plugins.firebase.storage.FlutterFirebaseAppRegistrar"
161-->[:firebase_storage] AndroidManifest.xml:12:17-126
162                android:value="com.google.firebase.components.ComponentRegistrar" />
162-->[:firebase_storage] AndroidManifest.xml:13:17-82
163            <meta-data
163-->[:firebase_core] AndroidManifest.xml:11:13-13:85
164                android:name="com.google.firebase.components:io.flutter.plugins.firebase.core.FlutterFirebaseCoreRegistrar"
164-->[:firebase_core] AndroidManifest.xml:12:17-124
165                android:value="com.google.firebase.components.ComponentRegistrar" />
165-->[:firebase_core] AndroidManifest.xml:13:17-82
166            <meta-data
166-->[com.google.firebase:firebase-auth:23.0.0] AndroidManifest.xml:69:13-71:85
167                android:name="com.google.firebase.components:com.google.firebase.auth.FirebaseAuthRegistrar"
167-->[com.google.firebase:firebase-auth:23.0.0] AndroidManifest.xml:70:17-109
168                android:value="com.google.firebase.components.ComponentRegistrar" />
168-->[com.google.firebase:firebase-auth:23.0.0] AndroidManifest.xml:71:17-82
169            <meta-data
169-->[com.google.firebase:firebase-firestore:25.0.0] AndroidManifest.xml:17:13-19:85
170                android:name="com.google.firebase.components:com.google.firebase.firestore.FirebaseFirestoreKtxRegistrar"
170-->[com.google.firebase:firebase-firestore:25.0.0] AndroidManifest.xml:18:17-122
171                android:value="com.google.firebase.components.ComponentRegistrar" />
171-->[com.google.firebase:firebase-firestore:25.0.0] AndroidManifest.xml:19:17-82
172            <meta-data
172-->[com.google.firebase:firebase-firestore:25.0.0] AndroidManifest.xml:20:13-22:85
173                android:name="com.google.firebase.components:com.google.firebase.firestore.FirestoreRegistrar"
173-->[com.google.firebase:firebase-firestore:25.0.0] AndroidManifest.xml:21:17-111
174                android:value="com.google.firebase.components.ComponentRegistrar" />
174-->[com.google.firebase:firebase-firestore:25.0.0] AndroidManifest.xml:22:17-82
175            <meta-data
175-->[com.google.firebase:firebase-messaging:24.0.0] AndroidManifest.xml:57:13-59:85
176                android:name="com.google.firebase.components:com.google.firebase.messaging.FirebaseMessagingKtxRegistrar"
176-->[com.google.firebase:firebase-messaging:24.0.0] AndroidManifest.xml:58:17-122
177                android:value="com.google.firebase.components.ComponentRegistrar" />
177-->[com.google.firebase:firebase-messaging:24.0.0] AndroidManifest.xml:59:17-82
178            <meta-data
178-->[com.google.firebase:firebase-messaging:24.0.0] AndroidManifest.xml:60:13-62:85
179                android:name="com.google.firebase.components:com.google.firebase.messaging.FirebaseMessagingRegistrar"
179-->[com.google.firebase:firebase-messaging:24.0.0] AndroidManifest.xml:61:17-119
180                android:value="com.google.firebase.components.ComponentRegistrar" />
180-->[com.google.firebase:firebase-messaging:24.0.0] AndroidManifest.xml:62:17-82
181            <meta-data
181-->[com.google.firebase:firebase-storage:21.0.0] AndroidManifest.xml:30:13-32:85
182                android:name="com.google.firebase.components:com.google.firebase.storage.FirebaseStorageKtxRegistrar"
182-->[com.google.firebase:firebase-storage:21.0.0] AndroidManifest.xml:31:17-118
183                android:value="com.google.firebase.components.ComponentRegistrar" />
183-->[com.google.firebase:firebase-storage:21.0.0] AndroidManifest.xml:32:17-82
184            <meta-data
184-->[com.google.firebase:firebase-storage:21.0.0] AndroidManifest.xml:33:13-35:85
185                android:name="com.google.firebase.components:com.google.firebase.storage.StorageRegistrar"
185-->[com.google.firebase:firebase-storage:21.0.0] AndroidManifest.xml:34:17-107
186                android:value="com.google.firebase.components.ComponentRegistrar" />
186-->[com.google.firebase:firebase-storage:21.0.0] AndroidManifest.xml:35:17-82
187            <meta-data
187-->[com.google.firebase:firebase-database:21.0.0] AndroidManifest.xml:29:13-31:85
188                android:name="com.google.firebase.components:com.google.firebase.database.FirebaseDatabaseKtxRegistrar"
188-->[com.google.firebase:firebase-database:21.0.0] AndroidManifest.xml:30:17-120
189                android:value="com.google.firebase.components.ComponentRegistrar" />
189-->[com.google.firebase:firebase-database:21.0.0] AndroidManifest.xml:31:17-82
190            <meta-data
190-->[com.google.firebase:firebase-database:21.0.0] AndroidManifest.xml:32:13-34:85
191                android:name="com.google.firebase.components:com.google.firebase.database.DatabaseRegistrar"
191-->[com.google.firebase:firebase-database:21.0.0] AndroidManifest.xml:33:17-109
192                android:value="com.google.firebase.components.ComponentRegistrar" />
192-->[com.google.firebase:firebase-database:21.0.0] AndroidManifest.xml:34:17-82
193            <meta-data
193-->[com.google.firebase:firebase-appcheck:18.0.0] AndroidManifest.xml:25:13-27:85
194                android:name="com.google.firebase.components:com.google.firebase.appcheck.FirebaseAppCheckKtxRegistrar"
194-->[com.google.firebase:firebase-appcheck:18.0.0] AndroidManifest.xml:26:17-120
195                android:value="com.google.firebase.components.ComponentRegistrar" />
195-->[com.google.firebase:firebase-appcheck:18.0.0] AndroidManifest.xml:27:17-82
196            <meta-data
196-->[com.google.firebase:firebase-appcheck:18.0.0] AndroidManifest.xml:28:13-30:85
197                android:name="com.google.firebase.components:com.google.firebase.appcheck.FirebaseAppCheckRegistrar"
197-->[com.google.firebase:firebase-appcheck:18.0.0] AndroidManifest.xml:29:17-117
198                android:value="com.google.firebase.components.ComponentRegistrar" />
198-->[com.google.firebase:firebase-appcheck:18.0.0] AndroidManifest.xml:30:17-82
199            <meta-data
199-->[com.google.firebase:firebase-installations:18.0.0] AndroidManifest.xml:15:13-17:85
200                android:name="com.google.firebase.components:com.google.firebase.installations.FirebaseInstallationsKtxRegistrar"
200-->[com.google.firebase:firebase-installations:18.0.0] AndroidManifest.xml:16:17-130
201                android:value="com.google.firebase.components.ComponentRegistrar" />
201-->[com.google.firebase:firebase-installations:18.0.0] AndroidManifest.xml:17:17-82
202            <meta-data
202-->[com.google.firebase:firebase-installations:18.0.0] AndroidManifest.xml:18:13-20:85
203                android:name="com.google.firebase.components:com.google.firebase.installations.FirebaseInstallationsRegistrar"
203-->[com.google.firebase:firebase-installations:18.0.0] AndroidManifest.xml:19:17-127
204                android:value="com.google.firebase.components.ComponentRegistrar" />
204-->[com.google.firebase:firebase-installations:18.0.0] AndroidManifest.xml:20:17-82
205            <meta-data
205-->[com.google.firebase:firebase-common-ktx:21.0.0] AndroidManifest.xml:12:13-14:85
206                android:name="com.google.firebase.components:com.google.firebase.ktx.FirebaseCommonLegacyRegistrar"
206-->[com.google.firebase:firebase-common-ktx:21.0.0] AndroidManifest.xml:13:17-116
207                android:value="com.google.firebase.components.ComponentRegistrar" />
207-->[com.google.firebase:firebase-common-ktx:21.0.0] AndroidManifest.xml:14:17-82
208            <meta-data
208-->[com.google.firebase:firebase-common:21.0.0] AndroidManifest.xml:35:13-37:85
209                android:name="com.google.firebase.components:com.google.firebase.FirebaseCommonKtxRegistrar"
209-->[com.google.firebase:firebase-common:21.0.0] AndroidManifest.xml:36:17-109
210                android:value="com.google.firebase.components.ComponentRegistrar" />
210-->[com.google.firebase:firebase-common:21.0.0] AndroidManifest.xml:37:17-82
211            <meta-data
211-->[com.google.firebase:firebase-datatransport:18.2.0] AndroidManifest.xml:25:13-27:85
212                android:name="com.google.firebase.components:com.google.firebase.datatransport.TransportRegistrar"
212-->[com.google.firebase:firebase-datatransport:18.2.0] AndroidManifest.xml:26:17-115
213                android:value="com.google.firebase.components.ComponentRegistrar" />
213-->[com.google.firebase:firebase-datatransport:18.2.0] AndroidManifest.xml:27:17-82
214        </service>
215        <service
215-->[:firebase_messaging] AndroidManifest.xml:16:9-19:72
216            android:name="io.flutter.plugins.firebase.messaging.FlutterFirebaseMessagingBackgroundService"
216-->[:firebase_messaging] AndroidManifest.xml:17:13-107
217            android:exported="false"
217-->[:firebase_messaging] AndroidManifest.xml:18:13-37
218            android:permission="android.permission.BIND_JOB_SERVICE" />
218-->[:firebase_messaging] AndroidManifest.xml:19:13-69
219        <service
219-->[:firebase_messaging] AndroidManifest.xml:20:9-26:19
220            android:name="io.flutter.plugins.firebase.messaging.FlutterFirebaseMessagingService"
220-->[:firebase_messaging] AndroidManifest.xml:21:13-97
221            android:exported="false" >
221-->[:firebase_messaging] AndroidManifest.xml:22:13-37
222            <intent-filter>
222-->[:firebase_messaging] AndroidManifest.xml:23:13-25:29
223                <action android:name="com.google.firebase.MESSAGING_EVENT" />
223-->[:firebase_messaging] AndroidManifest.xml:24:17-78
223-->[:firebase_messaging] AndroidManifest.xml:24:25-75
224            </intent-filter>
225        </service>
226
227        <receiver
227-->[:firebase_messaging] AndroidManifest.xml:28:9-35:20
228            android:name="io.flutter.plugins.firebase.messaging.FlutterFirebaseMessagingReceiver"
228-->[:firebase_messaging] AndroidManifest.xml:29:13-98
229            android:exported="true"
229-->[:firebase_messaging] AndroidManifest.xml:30:13-36
230            android:permission="com.google.android.c2dm.permission.SEND" >
230-->[:firebase_messaging] AndroidManifest.xml:31:13-73
231            <intent-filter>
231-->[:firebase_messaging] AndroidManifest.xml:32:13-34:29
232                <action android:name="com.google.android.c2dm.intent.RECEIVE" />
232-->[:firebase_messaging] AndroidManifest.xml:33:17-81
232-->[:firebase_messaging] AndroidManifest.xml:33:25-78
233            </intent-filter>
234        </receiver>
235
236        <provider
236-->[:firebase_messaging] AndroidManifest.xml:43:9-47:38
237            android:name="io.flutter.plugins.firebase.messaging.FlutterFirebaseMessagingInitProvider"
237-->[:firebase_messaging] AndroidManifest.xml:44:13-102
238            android:authorities="com.example.buddy_dating.flutterfirebasemessaginginitprovider"
238-->[:firebase_messaging] AndroidManifest.xml:45:13-88
239            android:exported="false"
239-->[:firebase_messaging] AndroidManifest.xml:46:13-37
240            android:initOrder="99" />
240-->[:firebase_messaging] AndroidManifest.xml:47:13-35
241        <provider
241-->[:image_picker_android] AndroidManifest.xml:11:9-19:20
242            android:name="io.flutter.plugins.imagepicker.ImagePickerFileProvider"
242-->[:image_picker_android] AndroidManifest.xml:12:13-82
243            android:authorities="com.example.buddy_dating.flutter.image_provider"
243-->[:image_picker_android] AndroidManifest.xml:13:13-74
244            android:exported="false"
244-->[:image_picker_android] AndroidManifest.xml:14:13-37
245            android:grantUriPermissions="true" >
245-->[:image_picker_android] AndroidManifest.xml:15:13-47
246            <meta-data
246-->[:image_picker_android] AndroidManifest.xml:16:13-18:75
247                android:name="android.support.FILE_PROVIDER_PATHS"
247-->[:image_picker_android] AndroidManifest.xml:17:17-67
248                android:resource="@xml/flutter_image_picker_file_paths" />